<?xml version="1.0" encoding="UTF-8"?>
<!-- Generated by org.testng.reporters.JUnitXMLReporter -->
<testsuite hostname="IN5CD7025HLP" ignored="0" name="All Test" tests="2" failures="2" timestamp="23 Jan 2020 05:13:18 GMT" time="28.272" errors="0">
  <testcase name="validatefirstTest" time="12.723" classname="secondTest.SecondTest">
    <failure type="java.lang.ArithmeticException" message="/ by zero">
      <![CDATA[java.lang.ArithmeticException: / by zeroat secondTest.SecondTest.validatefirstTest(SecondTest.java:27)... Removed 28 stack frames]]>
    </failure>
  </testcase> <!-- validatefirstTest -->
  <testcase name="validatefirstTest" time="15.506" classname="firstTest.FirstTest">
    <failure type="java.lang.ArithmeticException" message="/ by zero">
      <![CDATA[java.lang.ArithmeticException: / by zeroat firstTest.FirstTest.validatefirstTest(FirstTest.java:29)... Removed 28 stack frames]]>
    </failure>
  </testcase> <!-- validatefirstTest -->
</testsuite> <!-- All Test -->
