<?xml version="1.0" encoding="UTF-8"?>
<testsuite name="TestSuite" time="28.241" tests="2" errors="0" skipped="0" failures="2">
  <properties>
[...]
</properties>
  <testcase name="validatefirstTest" classname="secondTest.SecondTest" time="12.735">
    <failure message="/ by zero" type="java.lang.ArithmeticException">java.lang.ArithmeticException: / by zero
	at secondTest.SecondTest.validatefirstTest(SecondTest.java:27)
</failure>
    <system-out><![CDATA[[TestNGContentHandler] [WARN] It is strongly recommended to add "<!DOCTYPE suite SYSTEM "http://testng.org/testng-1.0.dtd" >" at the top of your file, otherwise TestNG may fail or not work as expected.
]]></system-out>
  </testcase>
  <testcase name="validatefirstTest" classname="firstTest.FirstTest" time="15.506">
    <failure message="/ by zero" type="java.lang.ArithmeticException">java.lang.ArithmeticException: / by zero
	at firstTest.FirstTest.validatefirstTest(FirstTest.java:29)
</failure>
  </testcase>
</testsuite>