<?xml version="1.0" encoding="UTF-8"?>
<testng-results skipped="0" failed="0" ignored="0" total="2" passed="2">
  <reporter-output>
  </reporter-output>
  <suite name="All File Suite" duration-ms="50137" started-at="2020-02-26T05:23:23 IST" finished-at="2020-02-26T05:24:13 IST">
    <groups>
    </groups>
    <test name="All Test" duration-ms="50137" started-at="2020-02-26T05:23:23 IST" finished-at="2020-02-26T05:24:13 IST">
      <class name="secondTest.SecondTest">
        <test-method status="PASS" signature="validatefirstTest()[pri:0, instance:secondTest.SecondTest@5a4041cc]" name="validatefirstTest" duration-ms="29917" started-at="2020-02-26T05:23:23 IST" finished-at="2020-02-26T05:23:53 IST">
          <reporter-output>
          </reporter-output>
        </test-method> <!-- validatefirstTest -->
      </class> <!-- secondTest.SecondTest -->
      <class name="firstTest.FirstTest">
        <test-method status="PASS" signature="validatefirstTest()[pri:0, instance:firstTest.FirstTest@15b3e5b]" name="validatefirstTest" duration-ms="20104" started-at="2020-02-26T05:23:53 IST" finished-at="2020-02-26T05:24:13 IST">
          <reporter-output>
          </reporter-output>
        </test-method> <!-- validatefirstTest -->
      </class> <!-- firstTest.FirstTest -->
    </test> <!-- All Test -->
  </suite> <!-- All File Suite -->
</testng-results>
